<?xml version="1.0"?>

<configuration>
	
	<retaincase>true</retaincase>

	<ProtegeProject name="OpenDMAP Test Project">
		<ProjectFile>test.pprj</ProjectFile>
		<PatternFile>test.patterns</PatternFile>
		<PatternSlot>:PATTERN</PatternSlot>
	</ProtegeProject>
	
</configuration>