<?xml version="1.0" encoding="UTF-8" ?>
<testsuite errors="0" failures="0" hostname="CU-CS-VM" name="edu.uchsc.ccp.opendmap.patternusage.UsingDependencyRelationsInPatternsTest" tests="14" time="34.118" timestamp="2014-12-16T20:43:31">
  <properties>
    <property name="java.vendor" value="Sun Microsystems Inc." />
    <property name="lib.dir" value="lib" />
    <property name="sun.java.launcher" value="SUN_STANDARD" />
    <property name="sun.management.compiler" value="HotSpot 64-Bit Tiered Compilers" />
    <property name="test.data.dir" value="build/test/data" />
    <property name="docs.dir" value="docs" />
    <property name="dist" value="build/distribution" />
    <property name="lib" value="lib" />
    <property name="os.name" value="Linux" />
    <property name="sun.boot.class.path" value="/usr/lib/jvm/java-6-openjdk-amd64/jre/lib/resources.jar:/usr/lib/jvm/java-6-openjdk-amd64/jre/lib/rt.jar:/usr/lib/jvm/java-6-openjdk-amd64/jre/lib/sunrsasign.jar:/usr/lib/jvm/java-6-openjdk-amd64/jre/lib/jsse.jar:/usr/lib/jvm/java-6-openjdk-amd64/jre/lib/jce.jar:/usr/lib/jvm/java-6-openjdk-amd64/jre/lib/charsets.jar:/usr/lib/jvm/java-6-openjdk-amd64/jre/lib/jfr.jar:/usr/lib/jvm/java-6-openjdk-amd64/jre/lib/netx.jar:/usr/lib/jvm/java-6-openjdk-amd64/jre/lib/plugin.jar:/usr/lib/jvm/java-6-openjdk-amd64/jre/lib/rhino.jar:/usr/lib/jvm/java-6-openjdk-amd64/jre/classes" />
    <property name="test.reports.dir" value="build/test/reports" />
    <property name="sun.desktop" value="gnome" />
    <property name="unit.test.reports.dir" value="build/test/reports/unit" />
    <property name="protege.home.windows" value="c:/Program Files/Protege_3.1_beta" />
    <property name="java.vm.specification.vendor" value="Sun Microsystems Inc." />
    <property name="test.failed" value="true" />
    <property name="ant.home" value="/usr/share/ant" />
    <property name="java.runtime.version" value="1.6.0_33-b33" />
    <property name="jars.compile.order" value="" />
    <property name="fn.test.data.dir" value="build/test/data/fn" />
    <property name="cobertura.dir" value="/data/toolrepository/cobertura-1.7" />
    <property name="user.name" value="user" />
    <property name="build.dir" value="build" />
    <property name="data" value="data" />
    <property name="user.language" value="en" />
    <property name="build" value="build" />
    <property name="protege.jar" value="${protege-home}/protege.jar" />
    <property name="sun.boot.library.path" value="/usr/lib/jvm/java-6-openjdk-amd64/jre/lib/amd64" />
    <property name="protege-src" value="/data/lib/Protege/src/Protege 3.0/src" />
    <property name="coverage.test.data.dir" value="build/test/data/coverage" />
    <property name="compile.lib.dir" value="lib-compile" />
    <property name="ant.project.default-target" value="build" />
    <property name="ant.project.name" value="opendmap-debug" />
    <property name="java.version" value="1.6.0_33" />
    <property name="protegex.jar" value="${protege-home}/plugins/edu.stanford.smi.protegex.standard_extensions/standard_extensions.jar" />
    <property name="user.timezone" value="" />
    <property name="sun.arch.data.model" value="64" />
    <property name="myclasspath" value="/home/user/Documents/NLP/opendmap_1-1-1/lib/ant.jar:/home/user/Documents/NLP/opendmap_1-1-1/lib/colt.jar:/home/user/Documents/NLP/opendmap_1-1-1/lib/commons-collections-3.2.1.jar:/home/user/Documents/NLP/opendmap_1-1-1/lib/commons-logging-1.1.1.jar:/home/user/Documents/NLP/opendmap_1-1-1/lib/jung-1.7.6.jar:/home/user/Documents/NLP/opendmap_1-1-1/lib/junit-4.8.1.jar:/home/user/Documents/NLP/opendmap_1-1-1/lib/log4j-1.2.15.jar:/home/build/Protege_3.4.1/UninstallerData/uninstaller.jar:/home/build/Protege_3.4.1/jre/lib/charsets.jar:/home/build/Protege_3.4.1/jre/lib/deploy.jar:/home/build/Protege_3.4.1/jre/lib/ext/dnsns.jar:/home/build/Protege_3.4.1/jre/lib/ext/localedata.jar:/home/build/Protege_3.4.1/jre/lib/ext/sunjce_provider.jar:/home/build/Protege_3.4.1/jre/lib/ext/sunpkcs11.jar:/home/build/Protege_3.4.1/jre/lib/im/indicim.jar:/home/build/Protege_3.4.1/jre/lib/im/thaiim.jar:/home/build/Protege_3.4.1/jre/lib/javaws.jar:/home/build/Protege_3.4.1/jre/lib/jce.jar:/home/build/Protege_3.4.1/jre/lib/jsse.jar:/home/build/Protege_3.4.1/jre/lib/plugin.jar:/home/build/Protege_3.4.1/jre/lib/rt.jar:/home/build/Protege_3.4.1/jre/lib/security/US_export_policy.jar:/home/build/Protege_3.4.1/jre/lib/security/local_policy.jar:/home/build/Protege_3.4.1/lax.jar:/home/build/Protege_3.4.1/looks-2.1.3.jar:/home/build/Protege_3.4.1/plugins/ca.uvic.cs.chisel.jambalaya/bsf.jar:/home/build/Protege_3.4.1/plugins/ca.uvic.cs.chisel.jambalaya/gxl.jar:/home/build/Protege_3.4.1/plugins/ca.uvic.cs.chisel.jambalaya/jambalaya.jar:/home/build/Protege_3.4.1/plugins/ca.uvic.cs.chisel.jambalaya/js.jar:/home/build/Protege_3.4.1/plugins/ca.uvic.cs.chisel.jambalaya/layouts.jar:/home/build/Protege_3.4.1/plugins/ca.uvic.cs.chisel.jambalaya/libsea.jar:/home/build/Protege_3.4.1/plugins/ca.uvic.cs.chisel.jambalaya/piccolo.jar:/home/build/Protege_3.4.1/plugins/ca.uvic.cs.chisel.jambalaya/piccolox.jar:/home/build/Protege_3.4.1/plugins/ca.uvic.cs.chisel.jambalaya/treemap.jar:/home/build/Protege_3.4.1/plugins/dfki.protege.ontoviz/grappa1_2.jar:/home/build/Protege_3.4.1/plugins/dfki.protege.ontoviz/ontoviz-tab.jar:/home/build/Protege_3.4.1/plugins/edu.stanford.smi.protege.collab/jcalendar.jar:/home/build/Protege_3.4.1/plugins/edu.stanford.smi.protege.collab/protege-collab.jar:/home/build/Protege_3.4.1/plugins/edu.stanford.smi.protege.script/ProtegeScript.jar:/home/build/Protege_3.4.1/plugins/edu.stanford.smi.protege.script/antlr-2.7.6.jar:/home/build/Protege_3.4.1/plugins/edu.stanford.smi.protege.script/asm-2.2.jar:/home/build/Protege_3.4.1/plugins/edu.stanford.smi.protege.script/asm-analysis-2.2.jar:/home/build/Protege_3.4.1/plugins/edu.stanford.smi.protege.script/asm-tree-2.2.jar:/home/build/Protege_3.4.1/plugins/edu.stanford.smi.protege.script/asm-util-2.2.jar:/home/build/Protege_3.4.1/plugins/edu.stanford.smi.protege.script/bsf.jar:/home/build/Protege_3.4.1/plugins/edu.stanford.smi.protege.script/bsfperl.jar:/home/build/Protege_3.4.1/plugins/edu.stanford.smi.protege.script/bsh.jar:/home/build/Protege_3.4.1/plugins/edu.stanford.smi.protege.script/groovy-1.5.6.jar:/home/build/Protege_3.4.1/plugins/edu.stanford.smi.protege.script/jruby.jar:/home/build/Protege_3.4.1/plugins/edu.stanford.smi.protege.script/jython.jar:/home/build/Protege_3.4.1/plugins/edu.stanford.smi.protege.stringsearch/string-search-tab.jar:/home/build/Protege_3.4.1/plugins/edu.stanford.smi.protegex.changes/change-management.jar:/home/build/Protege_3.4.1/plugins/edu.stanford.smi.protegex.changes/icu4j.jar:/home/build/Protege_3.4.1/plugins/edu.stanford.smi.protegex.chatPlugin/chat.jar:/home/build/Protege_3.4.1/plugins/edu.stanford.smi.protegex.datamaster/datamaster.jar:/home/build/Protege_3.4.1/plugins/edu.stanford.smi.protegex.datamaster/mysql-connector-java-5.1.6-bin.jar:/home/build/Protege_3.4.1/plugins/edu.stanford.smi.protegex.ezpal/ezpal-tab.jar:/home/build/Protege_3.4.1/plugins/edu.stanford.smi.protegex.facets_tab/facet-constraints-tab.jar:/home/build/Protege_3.4.1/plugins/edu.stanford.smi.protegex.instance_tree/instance-tree.jar:/home/build/Protege_3.4.1/plugins/edu.stanford.smi.protegex.metaanalysis/meta-analysis.jar:/home/build/Protege_3.4.1/plugins/edu.stanford.smi.protegex.owl.inference.pellet/aterm-java-1.6.jar:/home/build/Protege_3.4.1/plugins/edu.stanford.smi.protegex.owl.inference.pellet/commons-lang-2.2.jar:/home/build/Protege_3.4.1/plugins/edu.stanford.smi.protegex.owl.inference.pellet/owlapi-api.jar:/home/build/Protege_3.4.1/plugins/edu.stanford.smi.protegex.owl.inference.pellet/owlapi-apibinding.jar:/home/build/Protege_3.4.1/plugins/edu.stanford.smi.protegex.owl.inference.pellet/owlapi-change.jar:/home/build/Protege_3.4.1/plugins/edu.stanford.smi.protegex.owl.inference.pellet/owlapi-debugging.jar:/home/build/Protege_3.4.1/plugins/edu.stanford.smi.protegex.owl.inference.pellet/owlapi-dig1_1.jar:/home/build/Protege_3.4.1/plugins/edu.stanford.smi.protegex.owl.inference.pellet/owlapi-functionalparser.jar:/home/build/Protege_3.4.1/plugins/edu.stanford.smi.protegex.owl.inference.pellet/owlapi-functionalrenderer.jar:/home/build/Protege_3.4.1/plugins/edu.stanford.smi.protegex.owl.inference.pellet/owlapi-impl.jar:/home/build/Protege_3.4.1/plugins/edu.stanford.smi.protegex.owl.inference.pellet/owlapi-krssparser.jar:/home/build/Protege_3.4.1/plugins/edu.stanford.smi.protegex.owl.inference.pellet/owlapi-metrics.jar:/home/build/Protege_3.4.1/plugins/edu.stanford.smi.protegex.owl.inference.pellet/owlapi-oboparser.jar:/home/build/Protege_3.4.1/plugins/edu.stanford.smi.protegex.owl.inference.pellet/owlapi-owlxmlparser.jar:/home/build/Protege_3.4.1/plugins/edu.stanford.smi.protegex.owl.inference.pellet/owlapi-owlxmlrenderer.jar:/home/build/Protege_3.4.1/plugins/edu.stanford.smi.protegex.owl.inference.pellet/owlapi-rdfapi.jar:/home/build/Protege_3.4.1/plugins/edu.stanford.smi.protegex.owl.inference.pellet/owlapi-rdfxmlparser.jar:/home/build/Protege_3.4.1/plugins/edu.stanford.smi.protegex.owl.inference.pellet/owlapi-rdfxmlrenderer.jar:/home/build/Protege_3.4.1/plugins/edu.stanford.smi.protegex.owl.inference.pellet/owlapi-util.jar:/home/build/Protege_3.4.1/plugins/edu.stanford.smi.protegex.owl.inference.pellet/pellet.jar:/home/build/Protege_3.4.1/plugins/edu.stanford.smi.protegex.owl.inference.pellet/protege-pellet.jar:/home/build/Protege_3.4.1/plugins/edu.stanford.smi.protegex.owl.inference.pellet/relaxngDatatype.jar:/home/build/Protege_3.4.1/plugins/edu.stanford.smi.protegex.owl.inference.pellet/xsdlib.jar:/home/build/Protege_3.4.1/plugins/edu.stanford.smi.protegex.owl/antlr-2.7.5.jar:/home/build/Protege_3.4.1/plugins/edu.stanford.smi.protegex.owl/arq-extra.jar:/home/build/Protege_3.4.1/plugins/edu.stanford.smi.protegex.owl/arq.jar:/home/build/Protege_3.4.1/plugins/edu.stanford.smi.protegex.owl/commons-lang-2.0.jar:/home/build/Protege_3.4.1/plugins/edu.stanford.smi.protegex.owl/commons-logging-1.1.1.jar:/home/build/Protege_3.4.1/plugins/edu.stanford.smi.protegex.owl/concurrent.jar:/home/build/Protege_3.4.1/plugins/edu.stanford.smi.protegex.owl/edtftpj-1.5.2.jar:/home/build/Protege_3.4.1/plugins/edu.stanford.smi.protegex.owl/ekitspell.jar:/home/build/Protege_3.4.1/plugins/edu.stanford.smi.protegex.owl/icu4j_3_4.jar:/home/build/Protege_3.4.1/plugins/edu.stanford.smi.protegex.owl/iri.jar:/home/build/Protege_3.4.1/plugins/edu.stanford.smi.protegex.owl/jcalendar.jar:/home/build/Protege_3.4.1/plugins/edu.stanford.smi.protegex.owl/jdom.jar:/home/build/Protege_3.4.1/plugins/edu.stanford.smi.protegex.owl/jena.jar:/home/build/Protege_3.4.1/plugins/edu.stanford.smi.protegex.owl/jep-2.4.0.jar:/home/build/Protege_3.4.1/plugins/edu.stanford.smi.protegex.owl/json.jar:/home/build/Protege_3.4.1/plugins/edu.stanford.smi.protegex.owl/junit.jar:/home/build/Protege_3.4.1/plugins/edu.stanford.smi.protegex.owl/kazuki.jar:/home/build/Protege_3.4.1/plugins/edu.stanford.smi.protegex.owl/log4j-1.2.12.jar:/home/build/Protege_3.4.1/plugins/edu.stanford.smi.protegex.owl/lucene-core-2.3.1.jar:/home/build/Protege_3.4.1/plugins/edu.stanford.smi.protegex.owl/orphanNodesAlg.jar:/home/build/Protege_3.4.1/plugins/edu.stanford.smi.protegex.owl/owlsyntax.jar:/home/build/Protege_3.4.1/plugins/edu.stanford.smi.protegex.owl/protege-owl.jar:/home/build/Protege_3.4.1/plugins/edu.stanford.smi.protegex.owl/stax-api-1.0.jar:/home/build/Protege_3.4.1/plugins/edu.stanford.smi.protegex.owl/swrl-jess-bridge.jar:/home/build/Protege_3.4.1/plugins/edu.stanford.smi.protegex.owl/wstx-asl-3.0.0.jar:/home/build/Protege_3.4.1/plugins/edu.stanford.smi.protegex.owl/xercesImpl.jar:/home/build/Protege_3.4.1/plugins/edu.stanford.smi.protegex.owl/xml-apis.jar:/home/build/Protege_3.4.1/plugins/edu.stanford.smi.protegex.pal_tabs/antlr.jar:/home/build/Protege_3.4.1/plugins/edu.stanford.smi.protegex.pal_tabs/pal.jar:/home/build/Protege_3.4.1/plugins/edu.stanford.smi.protegex.prompt/jacl.jar:/home/build/Protege_3.4.1/plugins/edu.stanford.smi.protegex.prompt/jython.jar:/home/build/Protege_3.4.1/plugins/edu.stanford.smi.protegex.prompt/plugins/ca.uvic.cs.cogz/cajun.jar:/home/build/Protege_3.4.1/plugins/edu.stanford.smi.protegex.prompt/plugins/ca.uvic.cs.cogz/cogz.jar:/home/build/Protege_3.4.1/plugins/edu.stanford.smi.protegex.prompt/plugins/ca.uvic.cs.cogz/gnujaxp.jar:/home/build/Protege_3.4.1/plugins/edu.stanford.smi.protegex.prompt/plugins/ca.uvic.cs.cogz/itext-1.4.3.jar:/home/build/Protege_3.4.1/plugins/edu.stanford.smi.protegex.prompt/plugins/ca.uvic.cs.cogz/jcommon-1.0.5.jar:/home/build/Protege_3.4.1/plugins/edu.stanford.smi.protegex.prompt/plugins/ca.uvic.cs.cogz/jfreechart-1.0.2-experimental.jar:/home/build/Protege_3.4.1/plugins/edu.stanford.smi.protegex.prompt/plugins/ca.uvic.cs.cogz/jfreechart-1.0.2.jar:/home/build/Protege_3.4.1/plugins/edu.stanford.smi.protegex.prompt/plugins/ca.uvic.cs.cogz/layouts.jar:/home/build/Protege_3.4.1/plugins/edu.stanford.smi.protegex.prompt/plugins/ca.uvic.cs.cogz/org.eclipse.draw2d_3.2.100.v20070522.jar:/home/build/Protege_3.4.1/plugins/edu.stanford.smi.protegex.prompt/plugins/ca.uvic.cs.cogz/org.eclipse.emf.common_2.4.0.v200806091234.jar:/home/build/Protege_3.4.1/plugins/edu.stanford.smi.protegex.prompt/plugins/ca.uvic.cs.cogz/org.eclipse.emf.ecore.xmi_2.4.0.v200806091234.jar:/home/build/Protege_3.4.1/plugins/edu.stanford.smi.protegex.prompt/plugins/ca.uvic.cs.cogz/org.eclipse.emf.ecore_2.4.0.v200806091234.jar:/home/build/Protege_3.4.1/plugins/edu.stanford.smi.protegex.prompt/plugins/ca.uvic.cs.cogz/org.eclipse.eodm.doc_0.9.1.v200710090302.jar:/home/build/Protege_3.4.1/plugins/edu.stanford.smi.protegex.prompt/plugins/ca.uvic.cs.cogz/org.eclipse.eodm.editor_0.8.0.v200710090352.jar:/home/build/Protege_3.4.1/plugins/edu.stanford.smi.protegex.prompt/plugins/ca.uvic.cs.cogz/org.eclipse.eodm.owl_0.9.1.v200710090302.jar:/home/build/Protege_3.4.1/plugins/edu.stanford.smi.protegex.prompt/plugins/ca.uvic.cs.cogz/org.eclipse.eodm.rdf_0.9.1.v200710090302.jar:/home/build/Protege_3.4.1/plugins/edu.stanford.smi.protegex.prompt/plugins/ca.uvic.cs.cogz/org.eclipse.eodm_0.9.1.v200710090302.jar:/home/build/Protege_3.4.1/plugins/edu.stanford.smi.protegex.prompt/plugins/ca.uvic.cs.cogz/piccolo.jar:/home/build/Protege_3.4.1/plugins/edu.stanford.smi.protegex.prompt/plugins/ca.uvic.cs.cogz/piccolox.jar:/home/build/Protege_3.4.1/plugins/edu.stanford.smi.protegex.prompt/plugins/ca.uvic.cs.cogz/pqviz.common.jar:/home/build/Protege_3.4.1/plugins/edu.stanford.smi.protegex.prompt/plugins/edu.stanford.smi.protegex.promptx.foam/align.jar:/home/build/Protege_3.4.1/plugins/edu.stanford.smi.protegex.prompt/plugins/edu.stanford.smi.protegex.promptx.foam/commons-logging.jar:/home/build/Protege_3.4.1/plugins/edu.stanford.smi.protegex.prompt/plugins/edu.stanford.smi.protegex.promptx.foam/foam.jar:/home/build/Protege_3.4.1/plugins/edu.stanford.smi.protegex.prompt/plugins/edu.stanford.smi.protegex.promptx.foam/googleapi.jar:/home/build/Protege_3.4.1/plugins/edu.stanford.smi.protegex.prompt/plugins/edu.stanford.smi.protegex.promptx.foam/jwnl.jar:/home/build/Protege_3.4.1/plugins/edu.stanford.smi.protegex.prompt/plugins/edu.stanford.smi.protegex.promptx.foam/kaon2.jar:/home/build/Protege_3.4.1/plugins/edu.stanford.smi.protegex.prompt/plugins/edu.stanford.smi.protegex.promptx.foam/weka.jar:/home/build/Protege_3.4.1/plugins/edu.stanford.smi.protegex.prompt/plugins/edu.stanford.smi.protegex.promptx.foam/xercesImpl.jar:/home/build/Protege_3.4.1/plugins/edu.stanford.smi.protegex.prompt/plugins/edu.stanford.smi.protegex.promptx.mappingDomainPSM/mappingDomainPSM.jar:/home/build/Protege_3.4.1/plugins/edu.stanford.smi.protegex.prompt/plugins/edu.stanford.smi.protegex.promptx.simpleMappingStorage/simpleMappingStorage.jar:/home/build/Protege_3.4.1/plugins/edu.stanford.smi.protegex.prompt/plugins/edu.stanford.smi.protegex.promptx.synonyms/synonyms.jar:/home/build/Protege_3.4.1/plugins/edu.stanford.smi.protegex.prompt/plugins/edu.stanford.smi.protegex.promptx.umls/kss-api-5.0.jar:/home/build/Protege_3.4.1/plugins/edu.stanford.smi.protegex.prompt/plugins/edu.stanford.smi.protegex.promptx.umls/umls.jar:/home/build/Protege_3.4.1/plugins/edu.stanford.smi.protegex.prompt/prompt.jar:/home/build/Protege_3.4.1/plugins/edu.stanford.smi.protegex.prompt/tcljava.jar:/home/build/Protege_3.4.1/plugins/edu.stanford.smi.protegex.prompt/vkbc.jar:/home/build/Protege_3.4.1/plugins/edu.stanford.smi.protegex.rdf_backend/rdf-api.jar:/home/build/Protege_3.4.1/plugins/edu.stanford.smi.protegex.rdf_backend/rdf-backend.jar:/home/build/Protege_3.4.1/plugins/edu.stanford.smi.protegex.rdf_backend/xerces.jar:/home/build/Protege_3.4.1/plugins/edu.stanford.smi.protegex.standard_extensions/JGo.jar:/home/build/Protege_3.4.1/plugins/edu.stanford.smi.protegex.standard_extensions/JGoLayout.jar:/home/build/Protege_3.4.1/plugins/edu.stanford.smi.protegex.standard_extensions/standard-extensions.jar:/home/build/Protege_3.4.1/plugins/edu.stanford.smi.protegex.umls_tab/kss-api-5.0.jar:/home/build/Protege_3.4.1/plugins/edu.stanford.smi.protegex.umls_tab/remotekb-tab.jar:/home/build/Protege_3.4.1/plugins/edu.stanford.smi.protegex.umls_tab/umls-tab.jar:/home/build/Protege_3.4.1/plugins/edu.stanford.smi.protegex.wordnet/remotekb-tab.jar:/home/build/Protege_3.4.1/plugins/edu.stanford.smi.protegex.wordnet/wordnet-tab.jar:/home/build/Protege_3.4.1/plugins/edu.stanford.smi.protegex.xml_tab/xml-tab.jar:/home/build/Protege_3.4.1/plugins/org.algernon/algernon.jar:/home/build/Protege_3.4.1/plugins/se.liu.ida.JessTab/JessTab16.jar:/home/build/Protege_3.4.1/plugins/uk.ac.iam.soton.akt.tgviztab/TGVizTab-v1.4-b2.jar:/home/build/Protege_3.4.1/plugins/uk.ac.iam.soton.akt.tgviztab/TG_v1.4.1.jar:/home/build/Protege_3.4.1/plugins/uk.ac.man.cs.mig.coode.debugger/OWLDebugger.jar:/home/build/Protege_3.4.1/plugins/uk.ac.man.cs.mig.coode.manchesterowlsyntaxeditor/ManchesterOWLSyntaxEditor.jar:/home/build/Protege_3.4.1/plugins/uk.ac.man.cs.mig.coode.manchesterowlsyntaxeditor/jakarta-oro-2.0.8.jar:/home/build/Protege_3.4.1/plugins/uk.ac.man.cs.mig.coode.owldoc/AbstractSyntax.jar:/home/build/Protege_3.4.1/plugins/uk.ac.man.cs.mig.coode.owldoc/OWLDoc.jar:/home/build/Protege_3.4.1/plugins/uk.ac.man.cs.mig.coode.owlindividualstab/OWLDLIndividualsTab.jar:/home/build/Protege_3.4.1/plugins/uk.ac.man.cs.mig.coode.owlviz/OWLViz.jar:/home/build/Protege_3.4.1/plugins/uk.ac.man.cs.mig.coode.owlviz/batik-awt-util.jar:/home/build/Protege_3.4.1/plugins/uk.ac.man.cs.mig.coode.owlviz/batik-dom.jar:/home/build/Protege_3.4.1/plugins/uk.ac.man.cs.mig.coode.owlviz/batik-ext.jar:/home/build/Protege_3.4.1/plugins/uk.ac.man.cs.mig.coode.owlviz/batik-extension.jar:/home/build/Protege_3.4.1/plugins/uk.ac.man.cs.mig.coode.owlviz/batik-svg-dom.jar:/home/build/Protege_3.4.1/plugins/uk.ac.man.cs.mig.coode.owlviz/batik-svggen.jar:/home/build/Protege_3.4.1/plugins/uk.ac.man.cs.mig.coode.owlviz/batik-util.jar:/home/build/Protege_3.4.1/plugins/uk.ac.man.cs.mig.coode.owlviz/batik-xml.jar:/home/build/Protege_3.4.1/plugins/uk.ac.man.cs.mig.coode.protege.wizard.owl/OWLWizards.jar:/home/build/Protege_3.4.1/plugins/uk.ac.man.cs.mig.coode.protege.wizard/BasicWizardsLibrary.jar:/home/build/Protege_3.4.1/protege.jar:/home/build/Protege_3.4.1/unicode_panel.jar" />
    <property name="java.endorsed.dirs" value="/usr/lib/jvm/java-6-openjdk-amd64/jre/lib/endorsed" />
    <property name="sun.cpu.isalist" value="" />
    <property name="sun.jnu.encoding" value="UTF-8" />
    <property name="unit.test.data.dir" value="build/test/data/unit" />
    <property name="file.encoding.pkg" value="sun.io" />
    <property name="file.separator" value="/" />
    <property name="java.specification.name" value="Java Platform API Specification" />
    <property name="classes.dir" value="build/classes" />
    <property name="java.class.version" value="50.0" />
    <property name="src" value="src" />
    <property name="user.country" value="US" />
    <property name="java.home" value="/usr/lib/jvm/java-6-openjdk-amd64/jre" />
    <property name="java.vm.info" value="mixed mode" />
    <property name="ant.file" value="/home/user/Documents/NLP/opendmap_1-1-1/ant/build.xml" />
    <property name="os.version" value="3.2.0-70-virtual" />
    <property name="distribution.dir" value="build/distribution" />
    <property name="fn.test.reports.dir" value="build/test/reports/fn" />
    <property name="path.separator" value=":" />
    <property name="java.vm.version" value="23.25-b01" />
    <property name="docs" value="docs" />
    <property name="ant.library.dir" value="/usr/share/ant/lib" />
    <property name="java.awt.printerjob" value="sun.print.PSPrinterJob" />
    <property name="sun.io.unicode.encoding" value="UnicodeLittle" />
    <property name="protege.home.linux" value="/home/build/Protege_3.4.1" />
    <property name="unit.test.source.dir" value="src" />
    <property name="user.home" value="/home/user" />
    <property name="fn.test.source.dir" value="src" />
    <property name="java.specification.vendor" value="Sun Microsystems Inc." />
    <property name="isLinux" value="true" />
    <property name="test.dir" value="build/test" />
    <property name="java.library.path" value="/usr/lib/jvm/java-6-openjdk-amd64/jre/lib/amd64/server:/usr/lib/jvm/java-6-openjdk-amd64/jre/lib/amd64:/usr/lib/jvm/java-6-openjdk-amd64/jre/../lib/amd64:/usr/java/packages/lib/amd64:/usr/lib/x86_64-linux-gnu/jni:/lib/x86_64-linux-gnu:/usr/lib/x86_64-linux-gnu:/usr/lib/jni:/lib:/usr/lib" />
    <property name="java.vendor.url" value="http://java.sun.com/" />
    <property name="java.vm.vendor" value="Sun Microsystems Inc." />
    <property name="java.runtime.name" value="OpenJDK Runtime Environment" />
    <property name="javacc.jar" value="${javacc-home}/bin/lib/javacc.jar" />
    <property name="ant.version" value="Apache Ant(TM) version 1.8.2 compiled on December 3 2011" />
    <property name="java.class.path" value="/home/user/Documents/NLP/opendmap_1-1-1/lib/ant.jar:/home/user/Documents/NLP/opendmap_1-1-1/lib/colt.jar:/home/user/Documents/NLP/opendmap_1-1-1/lib/commons-collections-3.2.1.jar:/home/user/Documents/NLP/opendmap_1-1-1/lib/commons-logging-1.1.1.jar:/home/user/Documents/NLP/opendmap_1-1-1/lib/jung-1.7.6.jar:/home/user/Documents/NLP/opendmap_1-1-1/lib/junit-4.8.1.jar:/home/user/Documents/NLP/opendmap_1-1-1/lib/log4j-1.2.15.jar:/home/build/Protege_3.4.1/UninstallerData/uninstaller.jar:/home/build/Protege_3.4.1/jre/lib/charsets.jar:/home/build/Protege_3.4.1/jre/lib/deploy.jar:/home/build/Protege_3.4.1/jre/lib/ext/dnsns.jar:/home/build/Protege_3.4.1/jre/lib/ext/localedata.jar:/home/build/Protege_3.4.1/jre/lib/ext/sunjce_provider.jar:/home/build/Protege_3.4.1/jre/lib/ext/sunpkcs11.jar:/home/build/Protege_3.4.1/jre/lib/im/indicim.jar:/home/build/Protege_3.4.1/jre/lib/im/thaiim.jar:/home/build/Protege_3.4.1/jre/lib/javaws.jar:/home/build/Protege_3.4.1/jre/lib/jce.jar:/home/build/Protege_3.4.1/jre/lib/jsse.jar:/home/build/Protege_3.4.1/jre/lib/plugin.jar:/home/build/Protege_3.4.1/jre/lib/rt.jar:/home/build/Protege_3.4.1/jre/lib/security/US_export_policy.jar:/home/build/Protege_3.4.1/jre/lib/security/local_policy.jar:/home/build/Protege_3.4.1/lax.jar:/home/build/Protege_3.4.1/looks-2.1.3.jar:/home/build/Protege_3.4.1/plugins/ca.uvic.cs.chisel.jambalaya/bsf.jar:/home/build/Protege_3.4.1/plugins/ca.uvic.cs.chisel.jambalaya/gxl.jar:/home/build/Protege_3.4.1/plugins/ca.uvic.cs.chisel.jambalaya/jambalaya.jar:/home/build/Protege_3.4.1/plugins/ca.uvic.cs.chisel.jambalaya/js.jar:/home/build/Protege_3.4.1/plugins/ca.uvic.cs.chisel.jambalaya/layouts.jar:/home/build/Protege_3.4.1/plugins/ca.uvic.cs.chisel.jambalaya/libsea.jar:/home/build/Protege_3.4.1/plugins/ca.uvic.cs.chisel.jambalaya/piccolo.jar:/home/build/Protege_3.4.1/plugins/ca.uvic.cs.chisel.jambalaya/piccolox.jar:/home/build/Protege_3.4.1/plugins/ca.uvic.cs.chisel.jambalaya/treemap.jar:/home/build/Protege_3.4.1/plugins/dfki.protege.ontoviz/grappa1_2.jar:/home/build/Protege_3.4.1/plugins/dfki.protege.ontoviz/ontoviz-tab.jar:/home/build/Protege_3.4.1/plugins/edu.stanford.smi.protege.collab/jcalendar.jar:/home/build/Protege_3.4.1/plugins/edu.stanford.smi.protege.collab/protege-collab.jar:/home/build/Protege_3.4.1/plugins/edu.stanford.smi.protege.script/ProtegeScript.jar:/home/build/Protege_3.4.1/plugins/edu.stanford.smi.protege.script/antlr-2.7.6.jar:/home/build/Protege_3.4.1/plugins/edu.stanford.smi.protege.script/asm-2.2.jar:/home/build/Protege_3.4.1/plugins/edu.stanford.smi.protege.script/asm-analysis-2.2.jar:/home/build/Protege_3.4.1/plugins/edu.stanford.smi.protege.script/asm-tree-2.2.jar:/home/build/Protege_3.4.1/plugins/edu.stanford.smi.protege.script/asm-util-2.2.jar:/home/build/Protege_3.4.1/plugins/edu.stanford.smi.protege.script/bsf.jar:/home/build/Protege_3.4.1/plugins/edu.stanford.smi.protege.script/bsfperl.jar:/home/build/Protege_3.4.1/plugins/edu.stanford.smi.protege.script/bsh.jar:/home/build/Protege_3.4.1/plugins/edu.stanford.smi.protege.script/groovy-1.5.6.jar:/home/build/Protege_3.4.1/plugins/edu.stanford.smi.protege.script/jruby.jar:/home/build/Protege_3.4.1/plugins/edu.stanford.smi.protege.script/jython.jar:/home/build/Protege_3.4.1/plugins/edu.stanford.smi.protege.stringsearch/string-search-tab.jar:/home/build/Protege_3.4.1/plugins/edu.stanford.smi.protegex.changes/change-management.jar:/home/build/Protege_3.4.1/plugins/edu.stanford.smi.protegex.changes/icu4j.jar:/home/build/Protege_3.4.1/plugins/edu.stanford.smi.protegex.chatPlugin/chat.jar:/home/build/Protege_3.4.1/plugins/edu.stanford.smi.protegex.datamaster/datamaster.jar:/home/build/Protege_3.4.1/plugins/edu.stanford.smi.protegex.datamaster/mysql-connector-java-5.1.6-bin.jar:/home/build/Protege_3.4.1/plugins/edu.stanford.smi.protegex.ezpal/ezpal-tab.jar:/home/build/Protege_3.4.1/plugins/edu.stanford.smi.protegex.facets_tab/facet-constraints-tab.jar:/home/build/Protege_3.4.1/plugins/edu.stanford.smi.protegex.instance_tree/instance-tree.jar:/home/build/Protege_3.4.1/plugins/edu.stanford.smi.protegex.metaanalysis/meta-analysis.jar:/home/build/Protege_3.4.1/plugins/edu.stanford.smi.protegex.owl.inference.pellet/aterm-java-1.6.jar:/home/build/Protege_3.4.1/plugins/edu.stanford.smi.protegex.owl.inference.pellet/commons-lang-2.2.jar:/home/build/Protege_3.4.1/plugins/edu.stanford.smi.protegex.owl.inference.pellet/owlapi-api.jar:/home/build/Protege_3.4.1/plugins/edu.stanford.smi.protegex.owl.inference.pellet/owlapi-apibinding.jar:/home/build/Protege_3.4.1/plugins/edu.stanford.smi.protegex.owl.inference.pellet/owlapi-change.jar:/home/build/Protege_3.4.1/plugins/edu.stanford.smi.protegex.owl.inference.pellet/owlapi-debugging.jar:/home/build/Protege_3.4.1/plugins/edu.stanford.smi.protegex.owl.inference.pellet/owlapi-dig1_1.jar:/home/build/Protege_3.4.1/plugins/edu.stanford.smi.protegex.owl.inference.pellet/owlapi-functionalparser.jar:/home/build/Protege_3.4.1/plugins/edu.stanford.smi.protegex.owl.inference.pellet/owlapi-functionalrenderer.jar:/home/build/Protege_3.4.1/plugins/edu.stanford.smi.protegex.owl.inference.pellet/owlapi-impl.jar:/home/build/Protege_3.4.1/plugins/edu.stanford.smi.protegex.owl.inference.pellet/owlapi-krssparser.jar:/home/build/Protege_3.4.1/plugins/edu.stanford.smi.protegex.owl.inference.pellet/owlapi-metrics.jar:/home/build/Protege_3.4.1/plugins/edu.stanford.smi.protegex.owl.inference.pellet/owlapi-oboparser.jar:/home/build/Protege_3.4.1/plugins/edu.stanford.smi.protegex.owl.inference.pellet/owlapi-owlxmlparser.jar:/home/build/Protege_3.4.1/plugins/edu.stanford.smi.protegex.owl.inference.pellet/owlapi-owlxmlrenderer.jar:/home/build/Protege_3.4.1/plugins/edu.stanford.smi.protegex.owl.inference.pellet/owlapi-rdfapi.jar:/home/build/Protege_3.4.1/plugins/edu.stanford.smi.protegex.owl.inference.pellet/owlapi-rdfxmlparser.jar:/home/build/Protege_3.4.1/plugins/edu.stanford.smi.protegex.owl.inference.pellet/owlapi-rdfxmlrenderer.jar:/home/build/Protege_3.4.1/plugins/edu.stanford.smi.protegex.owl.inference.pellet/owlapi-util.jar:/home/build/Protege_3.4.1/plugins/edu.stanford.smi.protegex.owl.inference.pellet/pellet.jar:/home/build/Protege_3.4.1/plugins/edu.stanford.smi.protegex.owl.inference.pellet/protege-pellet.jar:/home/build/Protege_3.4.1/plugins/edu.stanford.smi.protegex.owl.inference.pellet/relaxngDatatype.jar:/home/build/Protege_3.4.1/plugins/edu.stanford.smi.protegex.owl.inference.pellet/xsdlib.jar:/home/build/Protege_3.4.1/plugins/edu.stanford.smi.protegex.owl/antlr-2.7.5.jar:/home/build/Protege_3.4.1/plugins/edu.stanford.smi.protegex.owl/arq-extra.jar:/home/build/Protege_3.4.1/plugins/edu.stanford.smi.protegex.owl/arq.jar:/home/build/Protege_3.4.1/plugins/edu.stanford.smi.protegex.owl/commons-lang-2.0.jar:/home/build/Protege_3.4.1/plugins/edu.stanford.smi.protegex.owl/commons-logging-1.1.1.jar:/home/build/Protege_3.4.1/plugins/edu.stanford.smi.protegex.owl/concurrent.jar:/home/build/Protege_3.4.1/plugins/edu.stanford.smi.protegex.owl/edtftpj-1.5.2.jar:/home/build/Protege_3.4.1/plugins/edu.stanford.smi.protegex.owl/ekitspell.jar:/home/build/Protege_3.4.1/plugins/edu.stanford.smi.protegex.owl/icu4j_3_4.jar:/home/build/Protege_3.4.1/plugins/edu.stanford.smi.protegex.owl/iri.jar:/home/build/Protege_3.4.1/plugins/edu.stanford.smi.protegex.owl/jcalendar.jar:/home/build/Protege_3.4.1/plugins/edu.stanford.smi.protegex.owl/jdom.jar:/home/build/Protege_3.4.1/plugins/edu.stanford.smi.protegex.owl/jena.jar:/home/build/Protege_3.4.1/plugins/edu.stanford.smi.protegex.owl/jep-2.4.0.jar:/home/build/Protege_3.4.1/plugins/edu.stanford.smi.protegex.owl/json.jar:/home/build/Protege_3.4.1/plugins/edu.stanford.smi.protegex.owl/junit.jar:/home/build/Protege_3.4.1/plugins/edu.stanford.smi.protegex.owl/kazuki.jar:/home/build/Protege_3.4.1/plugins/edu.stanford.smi.protegex.owl/log4j-1.2.12.jar:/home/build/Protege_3.4.1/plugins/edu.stanford.smi.protegex.owl/lucene-core-2.3.1.jar:/home/build/Protege_3.4.1/plugins/edu.stanford.smi.protegex.owl/orphanNodesAlg.jar:/home/build/Protege_3.4.1/plugins/edu.stanford.smi.protegex.owl/owlsyntax.jar:/home/build/Protege_3.4.1/plugins/edu.stanford.smi.protegex.owl/protege-owl.jar:/home/build/Protege_3.4.1/plugins/edu.stanford.smi.protegex.owl/stax-api-1.0.jar:/home/build/Protege_3.4.1/plugins/edu.stanford.smi.protegex.owl/swrl-jess-bridge.jar:/home/build/Protege_3.4.1/plugins/edu.stanford.smi.protegex.owl/wstx-asl-3.0.0.jar:/home/build/Protege_3.4.1/plugins/edu.stanford.smi.protegex.owl/xercesImpl.jar:/home/build/Protege_3.4.1/plugins/edu.stanford.smi.protegex.owl/xml-apis.jar:/home/build/Protege_3.4.1/plugins/edu.stanford.smi.protegex.pal_tabs/antlr.jar:/home/build/Protege_3.4.1/plugins/edu.stanford.smi.protegex.pal_tabs/pal.jar:/home/build/Protege_3.4.1/plugins/edu.stanford.smi.protegex.prompt/jacl.jar:/home/build/Protege_3.4.1/plugins/edu.stanford.smi.protegex.prompt/jython.jar:/home/build/Protege_3.4.1/plugins/edu.stanford.smi.protegex.prompt/plugins/ca.uvic.cs.cogz/cajun.jar:/home/build/Protege_3.4.1/plugins/edu.stanford.smi.protegex.prompt/plugins/ca.uvic.cs.cogz/cogz.jar:/home/build/Protege_3.4.1/plugins/edu.stanford.smi.protegex.prompt/plugins/ca.uvic.cs.cogz/gnujaxp.jar:/home/build/Protege_3.4.1/plugins/edu.stanford.smi.protegex.prompt/plugins/ca.uvic.cs.cogz/itext-1.4.3.jar:/home/build/Protege_3.4.1/plugins/edu.stanford.smi.protegex.prompt/plugins/ca.uvic.cs.cogz/jcommon-1.0.5.jar:/home/build/Protege_3.4.1/plugins/edu.stanford.smi.protegex.prompt/plugins/ca.uvic.cs.cogz/jfreechart-1.0.2-experimental.jar:/home/build/Protege_3.4.1/plugins/edu.stanford.smi.protegex.prompt/plugins/ca.uvic.cs.cogz/jfreechart-1.0.2.jar:/home/build/Protege_3.4.1/plugins/edu.stanford.smi.protegex.prompt/plugins/ca.uvic.cs.cogz/layouts.jar:/home/build/Protege_3.4.1/plugins/edu.stanford.smi.protegex.prompt/plugins/ca.uvic.cs.cogz/org.eclipse.draw2d_3.2.100.v20070522.jar:/home/build/Protege_3.4.1/plugins/edu.stanford.smi.protegex.prompt/plugins/ca.uvic.cs.cogz/org.eclipse.emf.common_2.4.0.v200806091234.jar:/home/build/Protege_3.4.1/plugins/edu.stanford.smi.protegex.prompt/plugins/ca.uvic.cs.cogz/org.eclipse.emf.ecore.xmi_2.4.0.v200806091234.jar:/home/build/Protege_3.4.1/plugins/edu.stanford.smi.protegex.prompt/plugins/ca.uvic.cs.cogz/org.eclipse.emf.ecore_2.4.0.v200806091234.jar:/home/build/Protege_3.4.1/plugins/edu.stanford.smi.protegex.prompt/plugins/ca.uvic.cs.cogz/org.eclipse.eodm.doc_0.9.1.v200710090302.jar:/home/build/Protege_3.4.1/plugins/edu.stanford.smi.protegex.prompt/plugins/ca.uvic.cs.cogz/org.eclipse.eodm.editor_0.8.0.v200710090352.jar:/home/build/Protege_3.4.1/plugins/edu.stanford.smi.protegex.prompt/plugins/ca.uvic.cs.cogz/org.eclipse.eodm.owl_0.9.1.v200710090302.jar:/home/build/Protege_3.4.1/plugins/edu.stanford.smi.protegex.prompt/plugins/ca.uvic.cs.cogz/org.eclipse.eodm.rdf_0.9.1.v200710090302.jar:/home/build/Protege_3.4.1/plugins/edu.stanford.smi.protegex.prompt/plugins/ca.uvic.cs.cogz/org.eclipse.eodm_0.9.1.v200710090302.jar:/home/build/Protege_3.4.1/plugins/edu.stanford.smi.protegex.prompt/plugins/ca.uvic.cs.cogz/piccolo.jar:/home/build/Protege_3.4.1/plugins/edu.stanford.smi.protegex.prompt/plugins/ca.uvic.cs.cogz/piccolox.jar:/home/build/Protege_3.4.1/plugins/edu.stanford.smi.protegex.prompt/plugins/ca.uvic.cs.cogz/pqviz.common.jar:/home/build/Protege_3.4.1/plugins/edu.stanford.smi.protegex.prompt/plugins/edu.stanford.smi.protegex.promptx.foam/align.jar:/home/build/Protege_3.4.1/plugins/edu.stanford.smi.protegex.prompt/plugins/edu.stanford.smi.protegex.promptx.foam/commons-logging.jar:/home/build/Protege_3.4.1/plugins/edu.stanford.smi.protegex.prompt/plugins/edu.stanford.smi.protegex.promptx.foam/foam.jar:/home/build/Protege_3.4.1/plugins/edu.stanford.smi.protegex.prompt/plugins/edu.stanford.smi.protegex.promptx.foam/googleapi.jar:/home/build/Protege_3.4.1/plugins/edu.stanford.smi.protegex.prompt/plugins/edu.stanford.smi.protegex.promptx.foam/jwnl.jar:/home/build/Protege_3.4.1/plugins/edu.stanford.smi.protegex.prompt/plugins/edu.stanford.smi.protegex.promptx.foam/kaon2.jar:/home/build/Protege_3.4.1/plugins/edu.stanford.smi.protegex.prompt/plugins/edu.stanford.smi.protegex.promptx.foam/weka.jar:/home/build/Protege_3.4.1/plugins/edu.stanford.smi.protegex.prompt/plugins/edu.stanford.smi.protegex.promptx.foam/xercesImpl.jar:/home/build/Protege_3.4.1/plugins/edu.stanford.smi.protegex.prompt/plugins/edu.stanford.smi.protegex.promptx.mappingDomainPSM/mappingDomainPSM.jar:/home/build/Protege_3.4.1/plugins/edu.stanford.smi.protegex.prompt/plugins/edu.stanford.smi.protegex.promptx.simpleMappingStorage/simpleMappingStorage.jar:/home/build/Protege_3.4.1/plugins/edu.stanford.smi.protegex.prompt/plugins/edu.stanford.smi.protegex.promptx.synonyms/synonyms.jar:/home/build/Protege_3.4.1/plugins/edu.stanford.smi.protegex.prompt/plugins/edu.stanford.smi.protegex.promptx.umls/kss-api-5.0.jar:/home/build/Protege_3.4.1/plugins/edu.stanford.smi.protegex.prompt/plugins/edu.stanford.smi.protegex.promptx.umls/umls.jar:/home/build/Protege_3.4.1/plugins/edu.stanford.smi.protegex.prompt/prompt.jar:/home/build/Protege_3.4.1/plugins/edu.stanford.smi.protegex.prompt/tcljava.jar:/home/build/Protege_3.4.1/plugins/edu.stanford.smi.protegex.prompt/vkbc.jar:/home/build/Protege_3.4.1/plugins/edu.stanford.smi.protegex.rdf_backend/rdf-api.jar:/home/build/Protege_3.4.1/plugins/edu.stanford.smi.protegex.rdf_backend/rdf-backend.jar:/home/build/Protege_3.4.1/plugins/edu.stanford.smi.protegex.rdf_backend/xerces.jar:/home/build/Protege_3.4.1/plugins/edu.stanford.smi.protegex.standard_extensions/JGo.jar:/home/build/Protege_3.4.1/plugins/edu.stanford.smi.protegex.standard_extensions/JGoLayout.jar:/home/build/Protege_3.4.1/plugins/edu.stanford.smi.protegex.standard_extensions/standard-extensions.jar:/home/build/Protege_3.4.1/plugins/edu.stanford.smi.protegex.umls_tab/kss-api-5.0.jar:/home/build/Protege_3.4.1/plugins/edu.stanford.smi.protegex.umls_tab/remotekb-tab.jar:/home/build/Protege_3.4.1/plugins/edu.stanford.smi.protegex.umls_tab/umls-tab.jar:/home/build/Protege_3.4.1/plugins/edu.stanford.smi.protegex.wordnet/remotekb-tab.jar:/home/build/Protege_3.4.1/plugins/edu.stanford.smi.protegex.wordnet/wordnet-tab.jar:/home/build/Protege_3.4.1/plugins/edu.stanford.smi.protegex.xml_tab/xml-tab.jar:/home/build/Protege_3.4.1/plugins/org.algernon/algernon.jar:/home/build/Protege_3.4.1/plugins/se.liu.ida.JessTab/JessTab16.jar:/home/build/Protege_3.4.1/plugins/uk.ac.iam.soton.akt.tgviztab/TGVizTab-v1.4-b2.jar:/home/build/Protege_3.4.1/plugins/uk.ac.iam.soton.akt.tgviztab/TG_v1.4.1.jar:/home/build/Protege_3.4.1/plugins/uk.ac.man.cs.mig.coode.debugger/OWLDebugger.jar:/home/build/Protege_3.4.1/plugins/uk.ac.man.cs.mig.coode.manchesterowlsyntaxeditor/ManchesterOWLSyntaxEditor.jar:/home/build/Protege_3.4.1/plugins/uk.ac.man.cs.mig.coode.manchesterowlsyntaxeditor/jakarta-oro-2.0.8.jar:/home/build/Protege_3.4.1/plugins/uk.ac.man.cs.mig.coode.owldoc/AbstractSyntax.jar:/home/build/Protege_3.4.1/plugins/uk.ac.man.cs.mig.coode.owldoc/OWLDoc.jar:/home/build/Protege_3.4.1/plugins/uk.ac.man.cs.mig.coode.owlindividualstab/OWLDLIndividualsTab.jar:/home/build/Protege_3.4.1/plugins/uk.ac.man.cs.mig.coode.owlviz/OWLViz.jar:/home/build/Protege_3.4.1/plugins/uk.ac.man.cs.mig.coode.owlviz/batik-awt-util.jar:/home/build/Protege_3.4.1/plugins/uk.ac.man.cs.mig.coode.owlviz/batik-dom.jar:/home/build/Protege_3.4.1/plugins/uk.ac.man.cs.mig.coode.owlviz/batik-ext.jar:/home/build/Protege_3.4.1/plugins/uk.ac.man.cs.mig.coode.owlviz/batik-extension.jar:/home/build/Protege_3.4.1/plugins/uk.ac.man.cs.mig.coode.owlviz/batik-svg-dom.jar:/home/build/Protege_3.4.1/plugins/uk.ac.man.cs.mig.coode.owlviz/batik-svggen.jar:/home/build/Protege_3.4.1/plugins/uk.ac.man.cs.mig.coode.owlviz/batik-util.jar:/home/build/Protege_3.4.1/plugins/uk.ac.man.cs.mig.coode.owlviz/batik-xml.jar:/home/build/Protege_3.4.1/plugins/uk.ac.man.cs.mig.coode.protege.wizard.owl/OWLWizards.jar:/home/build/Protege_3.4.1/plugins/uk.ac.man.cs.mig.coode.protege.wizard/BasicWizardsLibrary.jar:/home/build/Protege_3.4.1/protege.jar:/home/build/Protege_3.4.1/unicode_panel.jar:/home/user/Documents/NLP/opendmap_1-1-1/build/classes:/usr/share/java/ant-launcher-1.8.2.jar:/usr/share/ant/lib/ant.jar:/usr/share/ant/lib/ant-junit.jar:/usr/share/ant/lib/ant-junit4.jar" />
    <property name="sun.java.command" value="org.apache.tools.ant.taskdefs.optional.junit.JUnitTestRunner edu.uchsc.ccp.opendmap.patternusage.UsingDependencyRelationsInPatternsTest filtertrace=true haltOnError=false haltOnFailure=false showoutput=false outputtoformatters=true logfailedtests=true logtestlistenerevents=false formatter=org.apache.tools.ant.taskdefs.optional.junit.BriefJUnitResultFormatter formatter=org.apache.tools.ant.taskdefs.optional.junit.XMLJUnitResultFormatter,/home/user/Documents/NLP/opendmap_1-1-1/build/test/data/unit/TEST-edu.uchsc.ccp.opendmap.patternusage.UsingDependencyRelationsInPatternsTest.xml crashfile=/home/user/Documents/NLP/opendmap_1-1-1/junitvmwatcher4354069541101720782.properties propsfile=/home/user/Documents/NLP/opendmap_1-1-1/junit7803938454907845650.properties" />
    <property name="project.name" value="opendmap-debug" />
    <property name="ant.file.opendmap-debug" value="/home/user/Documents/NLP/opendmap_1-1-1/ant/build.xml" />
    <property name="java.vm.specification.name" value="Java Virtual Machine Specification" />
    <property name="javacc" value="${javacc-home}/bin/javacc" />
    <property name="ant.file.type" value="file" />
    <property name="java.vm.specification.version" value="1.0" />
    <property name="sun.os.patch.level" value="unknown" />
    <property name="sun.cpu.endian" value="little" />
    <property name="java.io.tmpdir" value="/tmp" />
    <property name="java.vendor.url.bug" value="http://java.sun.com/cgi-bin/bugreport.cgi" />
    <property name="coverage.test.reports.dir" value="build/test/reports/coverage" />
    <property name="dmap.jar" value="build/distribution/opendmap-debug.jar" />
    <property name="java.awt.graphicsenv" value="sun.awt.X11GraphicsEnvironment" />
    <property name="os.arch" value="amd64" />
    <property name="java.ext.dirs" value="/usr/lib/jvm/java-6-openjdk-amd64/jre/lib/ext:/usr/java/packages/lib/ext" />
    <property name="test.source.dir" value="test" />
    <property name="user.dir" value="/home/user/Documents/NLP/opendmap_1-1-1" />
    <property name="ant.file.type.opendmap-debug" value="file" />
    <property name="line.separator" value="
" />
    <property name="src.includes" value="src/" />
    <property name="java.vm.name" value="OpenJDK 64-Bit Server VM" />
    <property name="basedir" value="/home/user/Documents/NLP/opendmap_1-1-1" />
    <property name="ant.java.version" value="1.6" />
    <property name="protege.home.mac" value="/Applications/Protege_3.4.1" />
    <property name="ant.core.lib" value="/usr/share/ant/lib/ant.jar" />
    <property name="jar.name" value="opendmap-debug.jar" />
    <property name="protege-home" value="/home/build/Protege_3.4.1" />
    <property name="file.encoding" value="UTF-8" />
    <property name="coverage.test.instrumented.dir" value="build/test/instrumented" />
    <property name="source.dir" value="src" />
    <property name="java.specification.version" value="1.6" />
    <property name="ant.project.invoked-targets" value="build" />
    <property name="bin.includes" value="src/" />
    <property name="xerces.jar" value="lib/xercesImpl.jar" />
  </properties>
  <testcase classname="edu.uchsc.ccp.opendmap.patternusage.UsingDependencyRelationsInPatternsTest" name="testParse_fillingTwoSlots" time="16.605" />
  <testcase classname="edu.uchsc.ccp.opendmap.patternusage.UsingDependencyRelationsInPatternsTest" name="testParse_usingDependencyRelationsDoesNotBreakThings" time="2.413" />
  <testcase classname="edu.uchsc.ccp.opendmap.patternusage.UsingDependencyRelationsInPatternsTest" name="testParse_interveningTextDoesBreakThings" time="1.659" />
  <testcase classname="edu.uchsc.ccp.opendmap.patternusage.UsingDependencyRelationsInPatternsTest" name="testParse_usingDependencyRelationsDoesNotBreakThingsWithUnderscore" time="1.027" />
  <testcase classname="edu.uchsc.ccp.opendmap.patternusage.UsingDependencyRelationsInPatternsTest" name="testParse_usingDependencyRelationsInPatternWithoutDependencyRelationsOnText" time="1.304" />
  <testcase classname="edu.uchsc.ccp.opendmap.patternusage.UsingDependencyRelationsInPatternsTest" name="testParse_usingDependencyRelationsWithMinusSign" time="1.419" />
  <testcase classname="edu.uchsc.ccp.opendmap.patternusage.UsingDependencyRelationsInPatternsTest" name="testParse_usingDependencyRelationsWithMinusSignAndWithheldDependencyInfo" time="1.397" />
  <testcase classname="edu.uchsc.ccp.opendmap.patternusage.UsingDependencyRelationsInPatternsTest" name="testParse_anotherWhereInterveningTextDoesBreakThings" time="1.43" />
  <testcase classname="edu.uchsc.ccp.opendmap.patternusage.UsingDependencyRelationsInPatternsTest" name="testParse_usingDependencyRelationsToResolveABadParse" time="0.852" />
  <testcase classname="edu.uchsc.ccp.opendmap.patternusage.UsingDependencyRelationsInPatternsTest" name="testParse_usingDependencyRelationsFillingMultipleSlots" time="0.777" />
  <testcase classname="edu.uchsc.ccp.opendmap.patternusage.UsingDependencyRelationsInPatternsTest" name="testParse_usingDependencyRelationsFillingMultipleSlotsWithInterveningText" time="0.762" />
  <testcase classname="edu.uchsc.ccp.opendmap.patternusage.UsingDependencyRelationsInPatternsTest" name="testParse_usingDependencyRelationsFillingMultipleSlotsWithMulipleProteins" time="0.491" />
  <testcase classname="edu.uchsc.ccp.opendmap.patternusage.UsingDependencyRelationsInPatternsTest" name="testParse_usingDependencyRelationsFillingMultipleSlotsWithMulipleDependencyConstraintsXHHY" time="1.123" />
  <testcase classname="edu.uchsc.ccp.opendmap.patternusage.UsingDependencyRelationsInPatternsTest" name="testParse_usingDependencyRelationsFillingMultipleSlotsWithMulipleDependencyConstraintsXHX" time="0.98" />
  <system-out><![CDATA[]]></system-out>
  <system-err><![CDATA[]]></system-err>
</testsuite>
